VirtualBox XPCOM Server 4.3.36_Ubuntu r105129 linux.x86 (Jan 27 2016 12:04:52) release log
00:00:00.000360 main     Log opened 2017-04-25T03:04:54.383504000Z
00:00:00.000365 main     Build Type: release
00:00:00.000370 main     OS Product: Linux
00:00:00.000373 main     OS Release: 3.13.0-62-generic
00:00:00.000376 main     OS Version: #102-Ubuntu SMP Tue Aug 11 14:28:35 UTC 2015
00:00:00.000413 main     DMI Product Name: 2371GDJ
00:00:00.000427 main     DMI Product Version: ThinkPad X40
00:00:00.000571 main     Host RAM: 1499MB total, 778MB available
00:00:00.000579 main     Executable: /usr/lib/virtualbox/VBoxSVC
00:00:00.000582 main     Process ID: 27644
00:00:00.000584 main     Package type: LINUX_32BITS_GENERIC (OSE)
00:00:00.161408 nspr-2   Home directory: '/home/ieremius/.config/VirtualBox'
00:00:00.186607 nspr-2   NetIfAdpCtlOut: VBoxNetAdpCtl: Error while retrieving link speed for wlan0: VBoxNetAdpCtl: ioctl failed: Operation not supported
00:00:00.190423 nspr-2   HostDnsMonitor: old information
00:00:00.190458 nspr-2     no server entries
00:00:00.190485 nspr-2     no search string entries
00:00:00.190503 nspr-2     no domain set
00:00:00.190519 nspr-2   HostDnsMonitor: new information
00:00:00.190535 nspr-2     server 1: 127.0.1.1
00:00:00.190555 nspr-2     no search string entries
00:00:00.190571 nspr-2     no domain set
00:00:00.190596 nspr-2   HostDnsMonitorProxy::notify
00:00:00.194683 nspr-2   VDInit finished
00:00:00.197536 nspr-2   ERROR [COM]: aRC=NS_ERROR_FAILURE (0x80004005) aIID={1254a96a-ae57-4484-946a-22d86c1f98af} aComponent={SystemProperties} aText={Cannot determine default Guest Additions ISO location. Most likely they are not available}, preserve=false
00:00:00.211530 nspr-2   NetIfAdpCtlOut: VBoxNetAdpCtl: Error while retrieving link speed for wlan0: VBoxNetAdpCtl: ioctl failed: Operation not supported
00:00:05.218059 Watcher  ERROR [COM]: aRC=E_ACCESSDENIED (0x80070005) aIID={fafa4e17-1ee2-4905-a10e-fe7c18bf5554} aComponent={VirtualBox} aText={The object is not ready}, preserve=false
